::1 - - [01/Jun/2022:17:32:25 +0200] "GET /us_splash/index.php HTTP/1.1" 403 199 "-" "Mozilla/5.0 (Windows NT 10.0; Win64; x64) AppleWebKit/537.36 (KHTML, like Gecko) Chrome/101.0.4951.64 Safari/537.36 Edg/101.0.1210.53"
::1 - - [01/Jun/2022:17:32:25 +0200] "GET /index.php HTTP/1.1" 200 1159 "-" "Mozilla/5.0 (Windows NT 10.0; Win64; x64) AppleWebKit/537.36 (KHTML, like Gecko) Chrome/101.0.4951.64 Safari/537.36 Edg/101.0.1210.53"
::1 - - [01/Jun/2022:17:33:41 +0200] "GET /index.html HTTP/1.1" 200 134 "-" "Mozilla/5.0 (Windows NT 10.0; Win64; x64) AppleWebKit/537.36 (KHTML, like Gecko) Chrome/101.0.4951.64 Safari/537.36 Edg/101.0.1210.53"
::1 - - [01/Jun/2022:17:33:41 +0200] "GET /us_splash/index.php HTTP/1.1" 403 199 "-" "Mozilla/5.0 (Windows NT 10.0; Win64; x64) AppleWebKit/537.36 (KHTML, like Gecko) Chrome/101.0.4951.64 Safari/537.36 Edg/101.0.1210.53"
::1 - - [01/Jun/2022:17:33:42 +0200] "GET /js/tombola_sqlite.js HTTP/1.1" 200 279 "http://localhost/index.html" "Mozilla/5.0 (Windows NT 10.0; Win64; x64) AppleWebKit/537.36 (KHTML, like Gecko) Chrome/101.0.4951.64 Safari/537.36 Edg/101.0.1210.53"
::1 - - [01/Jun/2022:17:34:01 +0200] "GET /us_splash/index.php HTTP/1.1" 403 199 "-" "Mozilla/5.0 (Windows NT 10.0; Win64; x64) AppleWebKit/537.36 (KHTML, like Gecko) Chrome/101.0.4951.64 Safari/537.36 Edg/101.0.1210.53"
::1 - - [01/Jun/2022:17:34:04 +0200] "GET / HTTP/1.1" 200 134 "-" "Mozilla/5.0 (Windows NT 10.0; Win64; x64) AppleWebKit/537.36 (KHTML, like Gecko) Chrome/101.0.4951.64 Safari/537.36 Edg/101.0.1210.53"
::1 - - [01/Jun/2022:17:37:10 +0200] "GET /index.html HTTP/1.1" 200 134 "-" "Mozilla/5.0 (Windows NT 10.0; Win64; x64) AppleWebKit/537.36 (KHTML, like Gecko) Chrome/101.0.4951.64 Safari/537.36 Edg/101.0.1210.53"
::1 - - [01/Jun/2022:17:37:11 +0200] "GET /js/tombola_sqlite.js HTTP/1.1" 200 279 "http://localhost/index.html" "Mozilla/5.0 (Windows NT 10.0; Win64; x64) AppleWebKit/537.36 (KHTML, like Gecko) Chrome/101.0.4951.64 Safari/537.36 Edg/101.0.1210.53"
::1 - - [01/Jun/2022:17:38:44 +0200] "GET /index.html HTTP/1.1" 200 134 "-" "Mozilla/5.0 (Windows NT 10.0; Win64; x64) AppleWebKit/537.36 (KHTML, like Gecko) Chrome/101.0.4951.64 Safari/537.36 Edg/101.0.1210.53"
::1 - - [01/Jun/2022:17:38:44 +0200] "GET /js/tombola_sqlite.js HTTP/1.1" 200 279 "http://localhost/index.html" "Mozilla/5.0 (Windows NT 10.0; Win64; x64) AppleWebKit/537.36 (KHTML, like Gecko) Chrome/101.0.4951.64 Safari/537.36 Edg/101.0.1210.53"
::1 - - [01/Jun/2022:17:43:07 +0200] "GET /index.html HTTP/1.1" 200 134 "-" "Mozilla/5.0 (Windows NT 10.0; Win64; x64) AppleWebKit/537.36 (KHTML, like Gecko) Chrome/101.0.4951.64 Safari/537.36 Edg/101.0.1210.53"
::1 - - [01/Jun/2022:17:43:07 +0200] "GET /js/tombola_sqlite.js HTTP/1.1" 200 279 "http://localhost/index.html" "Mozilla/5.0 (Windows NT 10.0; Win64; x64) AppleWebKit/537.36 (KHTML, like Gecko) Chrome/101.0.4951.64 Safari/537.36 Edg/101.0.1210.53"
::1 - - [01/Jun/2022:17:44:07 +0200] "-" 408 - "-" "-"
::1 - - [01/Jun/2022:17:44:09 +0200] "GET / HTTP/1.1" 200 134 "-" "Mozilla/5.0 (Windows NT 10.0; Win64; x64) AppleWebKit/537.36 (KHTML, like Gecko) Chrome/101.0.4951.64 Safari/537.36 Edg/101.0.1210.53"
::1 - - [01/Jun/2022:17:44:16 +0200] "GET /topmenu.html HTTP/1.1" 200 108 "-" "Mozilla/5.0 (Windows NT 10.0; Win64; x64) AppleWebKit/537.36 (KHTML, like Gecko) Chrome/101.0.4951.64 Safari/537.36 Edg/101.0.1210.53"
::1 - - [01/Jun/2022:17:45:00 +0200] "GET / HTTP/1.1" 200 895 "-" "Mozilla/5.0 (Windows NT 10.0; Win64; x64) AppleWebKit/537.36 (KHTML, like Gecko) Chrome/101.0.4951.64 Safari/537.36 Edg/101.0.1210.53"
::1 - - [01/Jun/2022:17:45:25 +0200] "-" 408 - "-" "-"
::1 - - [01/Jun/2022:17:45:51 +0200] "GET / HTTP/1.1" 200 540 "-" "Mozilla/5.0 (Windows NT 10.0; Win64; x64) AppleWebKit/537.36 (KHTML, like Gecko) Chrome/101.0.4951.64 Safari/537.36 Edg/101.0.1210.53"
::1 - - [01/Jun/2022:17:46:14 +0200] "GET / HTTP/1.1" 200 470 "-" "Mozilla/5.0 (Windows NT 10.0; Win64; x64) AppleWebKit/537.36 (KHTML, like Gecko) Chrome/101.0.4951.64 Safari/537.36 Edg/101.0.1210.53"
::1 - - [01/Jun/2022:17:46:15 +0200] "GET /Patricipants.html HTTP/1.1" 200 895 "http://localhost/" "Mozilla/5.0 (Windows NT 10.0; Win64; x64) AppleWebKit/537.36 (KHTML, like Gecko) Chrome/101.0.4951.64 Safari/537.36 Edg/101.0.1210.53"
::1 - - [01/Jun/2022:17:47:14 +0200] "-" 408 - "-" "-"
::1 - - [01/Jun/2022:17:48:12 +0200] "GET / HTTP/1.1" 200 414 "-" "Mozilla/5.0 (Windows NT 10.0; Win64; x64) AppleWebKit/537.36 (KHTML, like Gecko) Chrome/101.0.4951.64 Safari/537.36 Edg/101.0.1210.53"
::1 - - [01/Jun/2022:17:48:12 +0200] "GET /js/tombola_menu.js HTTP/1.1" 200 - "http://localhost/" "Mozilla/5.0 (Windows NT 10.0; Win64; x64) AppleWebKit/537.36 (KHTML, like Gecko) Chrome/101.0.4951.64 Safari/537.36 Edg/101.0.1210.53"
::1 - - [01/Jun/2022:17:48:12 +0200] "GET / HTTP/1.1" 200 414 "-" "Mozilla/5.0 (Windows NT 10.0; Win64; x64) AppleWebKit/537.36 (KHTML, like Gecko) Chrome/101.0.4951.64 Safari/537.36 Edg/101.0.1210.53"
::1 - - [01/Jun/2022:17:48:12 +0200] "GET / HTTP/1.1" 200 414 "-" "Mozilla/5.0 (Windows NT 10.0; Win64; x64) AppleWebKit/537.36 (KHTML, like Gecko) Chrome/101.0.4951.64 Safari/537.36 Edg/101.0.1210.53"
::1 - - [01/Jun/2022:17:48:13 +0200] "GET / HTTP/1.1" 200 414 "-" "Mozilla/5.0 (Windows NT 10.0; Win64; x64) AppleWebKit/537.36 (KHTML, like Gecko) Chrome/101.0.4951.64 Safari/537.36 Edg/101.0.1210.53"
::1 - - [01/Jun/2022:17:48:19 +0200] "GET / HTTP/1.1" 200 418 "-" "Mozilla/5.0 (Windows NT 10.0; Win64; x64) AppleWebKit/537.36 (KHTML, like Gecko) Chrome/101.0.4951.64 Safari/537.36 Edg/101.0.1210.53"
::1 - - [01/Jun/2022:17:48:19 +0200] "GET /js/tombola_menu.js HTTP/1.1" 304 - "http://localhost/" "Mozilla/5.0 (Windows NT 10.0; Win64; x64) AppleWebKit/537.36 (KHTML, like Gecko) Chrome/101.0.4951.64 Safari/537.36 Edg/101.0.1210.53"
::1 - - [01/Jun/2022:17:49:19 +0200] "-" 408 - "-" "-"
::1 - - [01/Jun/2022:17:50:33 +0200] "GET / HTTP/1.1" 200 418 "-" "Mozilla/5.0 (Windows NT 10.0; Win64; x64) AppleWebKit/537.36 (KHTML, like Gecko) Chrome/101.0.4951.64 Safari/537.36 Edg/101.0.1210.53"
::1 - - [01/Jun/2022:17:50:33 +0200] "GET /js/tombola_menu.js HTTP/1.1" 304 - "http://localhost/" "Mozilla/5.0 (Windows NT 10.0; Win64; x64) AppleWebKit/537.36 (KHTML, like Gecko) Chrome/101.0.4951.64 Safari/537.36 Edg/101.0.1210.53"
::1 - - [01/Jun/2022:17:50:34 +0200] "GET / HTTP/1.1" 200 418 "-" "Mozilla/5.0 (Windows NT 10.0; Win64; x64) AppleWebKit/537.36 (KHTML, like Gecko) Chrome/101.0.4951.64 Safari/537.36 Edg/101.0.1210.53"
::1 - - [01/Jun/2022:17:50:35 +0200] "GET /css/bootstrap.min.css.map HTTP/1.1" 200 71710 "-" "Mozilla/5.0 (Windows NT 10.0; Win64; x64) AppleWebKit/537.36 (KHTML, like Gecko) Chrome/101.0.4951.64 Safari/537.36 Edg/101.0.1210.53"
::1 - - [01/Jun/2022:17:51:19 +0200] "GET / HTTP/1.1" 200 418 "-" "Mozilla/5.0 (Windows NT 10.0; Win64; x64) AppleWebKit/537.36 (KHTML, like Gecko) Chrome/101.0.4951.64 Safari/537.36 Edg/101.0.1210.53"
::1 - - [01/Jun/2022:17:51:19 +0200] "GET /js/tombola_menu.js HTTP/1.1" 304 - "http://localhost/" "Mozilla/5.0 (Windows NT 10.0; Win64; x64) AppleWebKit/537.36 (KHTML, like Gecko) Chrome/101.0.4951.64 Safari/537.36 Edg/101.0.1210.53"
::1 - - [01/Jun/2022:17:51:19 +0200] "GET /css/bootstrap.min.css.map HTTP/1.1" 200 71710 "-" "Mozilla/5.0 (Windows NT 10.0; Win64; x64) AppleWebKit/537.36 (KHTML, like Gecko) Chrome/101.0.4951.64 Safari/537.36 Edg/101.0.1210.53"
::1 - - [01/Jun/2022:17:52:19 +0200] "-" 408 - "-" "-"
::1 - - [01/Jun/2022:17:53:05 +0200] "GET / HTTP/1.1" 200 421 "-" "Mozilla/5.0 (Windows NT 10.0; Win64; x64) AppleWebKit/537.36 (KHTML, like Gecko) Chrome/101.0.4951.64 Safari/537.36 Edg/101.0.1210.53"
::1 - - [01/Jun/2022:17:53:05 +0200] "GET /js/tombola_menu.js HTTP/1.1" 200 38 "http://localhost/" "Mozilla/5.0 (Windows NT 10.0; Win64; x64) AppleWebKit/537.36 (KHTML, like Gecko) Chrome/101.0.4951.64 Safari/537.36 Edg/101.0.1210.53"
::1 - - [01/Jun/2022:17:53:05 +0200] "GET /css/bootstrap.min.css.map HTTP/1.1" 200 71710 "-" "Mozilla/5.0 (Windows NT 10.0; Win64; x64) AppleWebKit/537.36 (KHTML, like Gecko) Chrome/101.0.4951.64 Safari/537.36 Edg/101.0.1210.53"
::1 - - [01/Jun/2022:17:53:36 +0200] "GET / HTTP/1.1" 200 421 "-" "Mozilla/5.0 (Windows NT 10.0; Win64; x64) AppleWebKit/537.36 (KHTML, like Gecko) Chrome/101.0.4951.64 Safari/537.36 Edg/101.0.1210.53"
::1 - - [01/Jun/2022:17:53:36 +0200] "GET /js/tombola_menu.js HTTP/1.1" 200 93 "http://localhost/" "Mozilla/5.0 (Windows NT 10.0; Win64; x64) AppleWebKit/537.36 (KHTML, like Gecko) Chrome/101.0.4951.64 Safari/537.36 Edg/101.0.1210.53"
::1 - - [01/Jun/2022:17:53:36 +0200] "GET /TopMenu.html HTTP/1.1" 200 108 "http://localhost/" "Mozilla/5.0 (Windows NT 10.0; Win64; x64) AppleWebKit/537.36 (KHTML, like Gecko) Chrome/101.0.4951.64 Safari/537.36 Edg/101.0.1210.53"
::1 - - [01/Jun/2022:17:53:36 +0200] "GET /css/bootstrap.min.css.map HTTP/1.1" 200 71710 "-" "Mozilla/5.0 (Windows NT 10.0; Win64; x64) AppleWebKit/537.36 (KHTML, like Gecko) Chrome/101.0.4951.64 Safari/537.36 Edg/101.0.1210.53"
::1 - - [01/Jun/2022:17:53:40 +0200] "GET / HTTP/1.1" 200 421 "-" "Mozilla/5.0 (Windows NT 10.0; Win64; x64) AppleWebKit/537.36 (KHTML, like Gecko) Chrome/101.0.4951.64 Safari/537.36 Edg/101.0.1210.53"
::1 - - [01/Jun/2022:17:53:40 +0200] "GET /js/tombola_menu.js HTTP/1.1" 200 93 "http://localhost/" "Mozilla/5.0 (Windows NT 10.0; Win64; x64) AppleWebKit/537.36 (KHTML, like Gecko) Chrome/101.0.4951.64 Safari/537.36 Edg/101.0.1210.53"
::1 - - [01/Jun/2022:17:53:40 +0200] "GET /css/bootstrap.min.css.map HTTP/1.1" 200 71710 "-" "Mozilla/5.0 (Windows NT 10.0; Win64; x64) AppleWebKit/537.36 (KHTML, like Gecko) Chrome/101.0.4951.64 Safari/537.36 Edg/101.0.1210.53"
::1 - - [01/Jun/2022:17:53:56 +0200] "GET / HTTP/1.1" 200 421 "-" "Mozilla/5.0 (Windows NT 10.0; Win64; x64) AppleWebKit/537.36 (KHTML, like Gecko) Chrome/101.0.4951.64 Safari/537.36 Edg/101.0.1210.53"
::1 - - [01/Jun/2022:17:53:56 +0200] "GET /js/tombola_menu.js HTTP/1.1" 200 93 "http://localhost/" "Mozilla/5.0 (Windows NT 10.0; Win64; x64) AppleWebKit/537.36 (KHTML, like Gecko) Chrome/101.0.4951.64 Safari/537.36 Edg/101.0.1210.53"
::1 - - [01/Jun/2022:17:53:56 +0200] "GET /css/bootstrap.min.css.map HTTP/1.1" 200 71710 "-" "Mozilla/5.0 (Windows NT 10.0; Win64; x64) AppleWebKit/537.36 (KHTML, like Gecko) Chrome/101.0.4951.64 Safari/537.36 Edg/101.0.1210.53"
::1 - - [01/Jun/2022:17:54:09 +0200] "GET / HTTP/1.1" 200 417 "-" "Mozilla/5.0 (Windows NT 10.0; Win64; x64) AppleWebKit/537.36 (KHTML, like Gecko) Chrome/101.0.4951.64 Safari/537.36 Edg/101.0.1210.53"
::1 - - [01/Jun/2022:17:54:09 +0200] "GET /js/tombola_menu.js HTTP/1.1" 200 93 "http://localhost/" "Mozilla/5.0 (Windows NT 10.0; Win64; x64) AppleWebKit/537.36 (KHTML, like Gecko) Chrome/101.0.4951.64 Safari/537.36 Edg/101.0.1210.53"
::1 - - [01/Jun/2022:17:54:09 +0200] "GET /css/bootstrap.min.css.map HTTP/1.1" 200 71710 "-" "Mozilla/5.0 (Windows NT 10.0; Win64; x64) AppleWebKit/537.36 (KHTML, like Gecko) Chrome/101.0.4951.64 Safari/537.36 Edg/101.0.1210.53"
::1 - - [01/Jun/2022:17:54:35 +0200] "GET / HTTP/1.1" 200 402 "-" "Mozilla/5.0 (Windows NT 10.0; Win64; x64) AppleWebKit/537.36 (KHTML, like Gecko) Chrome/101.0.4951.64 Safari/537.36 Edg/101.0.1210.53"
::1 - - [01/Jun/2022:17:54:35 +0200] "GET /js/tombola_menu.js HTTP/1.1" 200 93 "http://localhost/" "Mozilla/5.0 (Windows NT 10.0; Win64; x64) AppleWebKit/537.36 (KHTML, like Gecko) Chrome/101.0.4951.64 Safari/537.36 Edg/101.0.1210.53"
::1 - - [01/Jun/2022:17:54:35 +0200] "GET /css/bootstrap.min.css.map HTTP/1.1" 200 71710 "-" "Mozilla/5.0 (Windows NT 10.0; Win64; x64) AppleWebKit/537.36 (KHTML, like Gecko) Chrome/101.0.4951.64 Safari/537.36 Edg/101.0.1210.53"
::1 - - [01/Jun/2022:17:54:36 +0200] "GET / HTTP/1.1" 200 402 "-" "Mozilla/5.0 (Windows NT 10.0; Win64; x64) AppleWebKit/537.36 (KHTML, like Gecko) Chrome/101.0.4951.64 Safari/537.36 Edg/101.0.1210.53"
::1 - - [01/Jun/2022:17:54:36 +0200] "GET /css/bootstrap.min.css.map HTTP/1.1" 200 71710 "-" "Mozilla/5.0 (Windows NT 10.0; Win64; x64) AppleWebKit/537.36 (KHTML, like Gecko) Chrome/101.0.4951.64 Safari/537.36 Edg/101.0.1210.53"
::1 - - [01/Jun/2022:17:55:43 +0200] "GET / HTTP/1.1" 200 402 "-" "Mozilla/5.0 (Windows NT 10.0; Win64; x64) AppleWebKit/537.36 (KHTML, like Gecko) Chrome/101.0.4951.64 Safari/537.36 Edg/101.0.1210.53"
::1 - - [01/Jun/2022:17:55:43 +0200] "GET /js/tombola_menu.js HTTP/1.1" 200 87 "http://localhost/" "Mozilla/5.0 (Windows NT 10.0; Win64; x64) AppleWebKit/537.36 (KHTML, like Gecko) Chrome/101.0.4951.64 Safari/537.36 Edg/101.0.1210.53"
::1 - - [01/Jun/2022:17:55:43 +0200] "GET /css/bootstrap.min.css.map HTTP/1.1" 200 71710 "-" "Mozilla/5.0 (Windows NT 10.0; Win64; x64) AppleWebKit/537.36 (KHTML, like Gecko) Chrome/101.0.4951.64 Safari/537.36 Edg/101.0.1210.53"
::1 - - [01/Jun/2022:17:55:51 +0200] "GET /css/bootstrap.min.css.map HTTP/1.1" 200 71710 "-" "Mozilla/5.0 (Windows NT 10.0; Win64; x64) AppleWebKit/537.36 (KHTML, like Gecko) Chrome/101.0.4951.64 Safari/537.36 Edg/101.0.1210.53"
::1 - - [01/Jun/2022:17:55:53 +0200] "GET /css/bootstrap.min.css.map HTTP/1.1" 200 71710 "-" "Mozilla/5.0 (Windows NT 10.0; Win64; x64) AppleWebKit/537.36 (KHTML, like Gecko) Chrome/101.0.4951.64 Safari/537.36 Edg/101.0.1210.53"
::1 - - [01/Jun/2022:17:55:54 +0200] "GET /Patricipants.html HTTP/1.1" 200 895 "http://localhost/" "Mozilla/5.0 (Windows NT 10.0; Win64; x64) AppleWebKit/537.36 (KHTML, like Gecko) Chrome/101.0.4951.64 Safari/537.36 Edg/101.0.1210.53"
::1 - - [01/Jun/2022:17:55:54 +0200] "GET /css/bootstrap.min.css.map HTTP/1.1" 200 71710 "-" "Mozilla/5.0 (Windows NT 10.0; Win64; x64) AppleWebKit/537.36 (KHTML, like Gecko) Chrome/101.0.4951.64 Safari/537.36 Edg/101.0.1210.53"
::1 - - [01/Jun/2022:17:56:50 +0200] "GET / HTTP/1.1" 200 402 "-" "Mozilla/5.0 (Windows NT 10.0; Win64; x64) AppleWebKit/537.36 (KHTML, like Gecko) Chrome/101.0.4951.64 Safari/537.36 Edg/101.0.1210.53"
::1 - - [01/Jun/2022:17:56:50 +0200] "GET /js/tombola_menu.js HTTP/1.1" 200 87 "http://localhost/" "Mozilla/5.0 (Windows NT 10.0; Win64; x64) AppleWebKit/537.36 (KHTML, like Gecko) Chrome/101.0.4951.64 Safari/537.36 Edg/101.0.1210.53"
::1 - - [01/Jun/2022:17:56:50 +0200] "GET /css/bootstrap.min.css.map HTTP/1.1" 200 71710 "-" "Mozilla/5.0 (Windows NT 10.0; Win64; x64) AppleWebKit/537.36 (KHTML, like Gecko) Chrome/101.0.4951.64 Safari/537.36 Edg/101.0.1210.53"
::1 - - [01/Jun/2022:17:57:56 +0200] "GET / HTTP/1.1" 200 402 "-" "Mozilla/5.0 (Windows NT 10.0; Win64; x64) AppleWebKit/537.36 (KHTML, like Gecko) Chrome/101.0.4951.64 Safari/537.36 Edg/101.0.1210.53"
::1 - - [01/Jun/2022:17:57:56 +0200] "GET /js/tombola_menu.js HTTP/1.1" 200 87 "http://localhost/" "Mozilla/5.0 (Windows NT 10.0; Win64; x64) AppleWebKit/537.36 (KHTML, like Gecko) Chrome/101.0.4951.64 Safari/537.36 Edg/101.0.1210.53"
::1 - - [01/Jun/2022:17:57:56 +0200] "GET /css/bootstrap.min.css.map HTTP/1.1" 200 71710 "-" "Mozilla/5.0 (Windows NT 10.0; Win64; x64) AppleWebKit/537.36 (KHTML, like Gecko) Chrome/101.0.4951.64 Safari/537.36 Edg/101.0.1210.53"
::1 - - [01/Jun/2022:17:57:57 +0200] "GET / HTTP/1.1" 200 402 "-" "Mozilla/5.0 (Windows NT 10.0; Win64; x64) AppleWebKit/537.36 (KHTML, like Gecko) Chrome/101.0.4951.64 Safari/537.36 Edg/101.0.1210.53"
::1 - - [01/Jun/2022:17:57:57 +0200] "GET /css/bootstrap.min.css.map HTTP/1.1" 200 71710 "-" "Mozilla/5.0 (Windows NT 10.0; Win64; x64) AppleWebKit/537.36 (KHTML, like Gecko) Chrome/101.0.4951.64 Safari/537.36 Edg/101.0.1210.53"
::1 - - [01/Jun/2022:17:58:04 +0200] "GET / HTTP/1.1" 200 402 "-" "Mozilla/5.0 (Windows NT 10.0; Win64; x64) AppleWebKit/537.36 (KHTML, like Gecko) Chrome/101.0.4951.64 Safari/537.36 Edg/101.0.1210.53"
::1 - - [01/Jun/2022:17:58:04 +0200] "GET /css/bootstrap.min.css.map HTTP/1.1" 200 71710 "-" "Mozilla/5.0 (Windows NT 10.0; Win64; x64) AppleWebKit/537.36 (KHTML, like Gecko) Chrome/101.0.4951.64 Safari/537.36 Edg/101.0.1210.53"
::1 - - [01/Jun/2022:17:58:05 +0200] "GET / HTTP/1.1" 200 402 "-" "Mozilla/5.0 (Windows NT 10.0; Win64; x64) AppleWebKit/537.36 (KHTML, like Gecko) Chrome/101.0.4951.64 Safari/537.36 Edg/101.0.1210.53"
::1 - - [01/Jun/2022:17:58:05 +0200] "GET /css/bootstrap.min.css.map HTTP/1.1" 200 71710 "-" "Mozilla/5.0 (Windows NT 10.0; Win64; x64) AppleWebKit/537.36 (KHTML, like Gecko) Chrome/101.0.4951.64 Safari/537.36 Edg/101.0.1210.53"
::1 - - [01/Jun/2022:17:58:11 +0200] "GET / HTTP/1.1" 200 402 "-" "Mozilla/5.0 (Windows NT 10.0; Win64; x64) AppleWebKit/537.36 (KHTML, like Gecko) Chrome/101.0.4951.64 Safari/537.36 Edg/101.0.1210.53"
::1 - - [01/Jun/2022:17:58:11 +0200] "GET /js/tombola_menu.js HTTP/1.1" 200 87 "http://localhost/" "Mozilla/5.0 (Windows NT 10.0; Win64; x64) AppleWebKit/537.36 (KHTML, like Gecko) Chrome/101.0.4951.64 Safari/537.36 Edg/101.0.1210.53"
::1 - - [01/Jun/2022:17:58:11 +0200] "GET /css/bootstrap.min.css.map HTTP/1.1" 200 71710 "-" "Mozilla/5.0 (Windows NT 10.0; Win64; x64) AppleWebKit/537.36 (KHTML, like Gecko) Chrome/101.0.4951.64 Safari/537.36 Edg/101.0.1210.53"
::1 - - [01/Jun/2022:17:58:19 +0200] "GET / HTTP/1.1" 200 395 "-" "Mozilla/5.0 (Windows NT 10.0; Win64; x64) AppleWebKit/537.36 (KHTML, like Gecko) Chrome/101.0.4951.64 Safari/537.36 Edg/101.0.1210.53"
::1 - - [01/Jun/2022:17:58:19 +0200] "GET /css/bootstrap.min.css.map HTTP/1.1" 200 71710 "-" "Mozilla/5.0 (Windows NT 10.0; Win64; x64) AppleWebKit/537.36 (KHTML, like Gecko) Chrome/101.0.4951.64 Safari/537.36 Edg/101.0.1210.53"
::1 - - [01/Jun/2022:17:58:25 +0200] "GET / HTTP/1.1" 200 394 "-" "Mozilla/5.0 (Windows NT 10.0; Win64; x64) AppleWebKit/537.36 (KHTML, like Gecko) Chrome/101.0.4951.64 Safari/537.36 Edg/101.0.1210.53"
::1 - - [01/Jun/2022:17:58:25 +0200] "GET /css/bootstrap.min.css.map HTTP/1.1" 200 71710 "-" "Mozilla/5.0 (Windows NT 10.0; Win64; x64) AppleWebKit/537.36 (KHTML, like Gecko) Chrome/101.0.4951.64 Safari/537.36 Edg/101.0.1210.53"
::1 - - [01/Jun/2022:17:59:11 +0200] "GET / HTTP/1.1" 200 394 "-" "Mozilla/5.0 (Windows NT 10.0; Win64; x64) AppleWebKit/537.36 (KHTML, like Gecko) Chrome/101.0.4951.64 Safari/537.36 Edg/101.0.1210.53"
::1 - - [01/Jun/2022:17:59:28 +0200] "GET / HTTP/1.1" 200 394 "-" "Mozilla/5.0 (Windows NT 10.0; Win64; x64) AppleWebKit/537.36 (KHTML, like Gecko) Chrome/101.0.4951.64 Safari/537.36 Edg/101.0.1210.53"
::1 - - [01/Jun/2022:17:59:28 +0200] "GET /js/tombola_menu.js HTTP/1.1" 200 87 "http://localhost/" "Mozilla/5.0 (Windows NT 10.0; Win64; x64) AppleWebKit/537.36 (KHTML, like Gecko) Chrome/101.0.4951.64 Safari/537.36 Edg/101.0.1210.53"
::1 - - [01/Jun/2022:17:59:28 +0200] "GET /css/bootstrap.min.css.map HTTP/1.1" 200 71710 "-" "Mozilla/5.0 (Windows NT 10.0; Win64; x64) AppleWebKit/537.36 (KHTML, like Gecko) Chrome/101.0.4951.64 Safari/537.36 Edg/101.0.1210.53"
::1 - - [01/Jun/2022:17:59:28 +0200] "GET / HTTP/1.1" 200 394 "-" "Mozilla/5.0 (Windows NT 10.0; Win64; x64) AppleWebKit/537.36 (KHTML, like Gecko) Chrome/101.0.4951.64 Safari/537.36 Edg/101.0.1210.53"
::1 - - [01/Jun/2022:17:59:29 +0200] "GET /css/bootstrap.min.css.map HTTP/1.1" 200 71710 "-" "Mozilla/5.0 (Windows NT 10.0; Win64; x64) AppleWebKit/537.36 (KHTML, like Gecko) Chrome/101.0.4951.64 Safari/537.36 Edg/101.0.1210.53"
::1 - - [01/Jun/2022:17:59:46 +0200] "GET / HTTP/1.1" 200 394 "-" "Mozilla/5.0 (Windows NT 10.0; Win64; x64) AppleWebKit/537.36 (KHTML, like Gecko) Chrome/101.0.4951.64 Safari/537.36 Edg/101.0.1210.53"
::1 - - [01/Jun/2022:17:59:46 +0200] "GET /css/bootstrap.min.css.map HTTP/1.1" 200 71710 "-" "Mozilla/5.0 (Windows NT 10.0; Win64; x64) AppleWebKit/537.36 (KHTML, like Gecko) Chrome/101.0.4951.64 Safari/537.36 Edg/101.0.1210.53"
::1 - - [01/Jun/2022:17:59:46 +0200] "GET / HTTP/1.1" 200 394 "-" "Mozilla/5.0 (Windows NT 10.0; Win64; x64) AppleWebKit/537.36 (KHTML, like Gecko) Chrome/101.0.4951.64 Safari/537.36 Edg/101.0.1210.53"
::1 - - [01/Jun/2022:17:59:46 +0200] "GET /css/bootstrap.min.css.map HTTP/1.1" 200 71710 "-" "Mozilla/5.0 (Windows NT 10.0; Win64; x64) AppleWebKit/537.36 (KHTML, like Gecko) Chrome/101.0.4951.64 Safari/537.36 Edg/101.0.1210.53"
::1 - - [01/Jun/2022:17:59:55 +0200] "GET /index.html HTTP/1.1" 200 394 "-" "Mozilla/5.0 (Windows NT 10.0; Win64; x64) AppleWebKit/537.36 (KHTML, like Gecko) Chrome/101.0.4951.64 Safari/537.36 Edg/101.0.1210.53"
::1 - - [01/Jun/2022:17:59:56 +0200] "GET /js/tombola_menu.js HTTP/1.1" 200 87 "http://localhost/index.html" "Mozilla/5.0 (Windows NT 10.0; Win64; x64) AppleWebKit/537.36 (KHTML, like Gecko) Chrome/101.0.4951.64 Safari/537.36 Edg/101.0.1210.53"
::1 - - [01/Jun/2022:18:00:01 +0200] "GET /Patricipants.html HTTP/1.1" 200 895 "http://localhost/index.html" "Mozilla/5.0 (Windows NT 10.0; Win64; x64) AppleWebKit/537.36 (KHTML, like Gecko) Chrome/101.0.4951.64 Safari/537.36 Edg/101.0.1210.53"
::1 - - [01/Jun/2022:18:00:35 +0200] "GET /topmenu.html HTTP/1.1" 200 343 "-" "Mozilla/5.0 (Windows NT 10.0; Win64; x64) AppleWebKit/537.36 (KHTML, like Gecko) Chrome/101.0.4951.64 Safari/537.36 Edg/101.0.1210.53"
::1 - - [01/Jun/2022:18:00:36 +0200] "GET /topmenu.html HTTP/1.1" 200 343 "-" "Mozilla/5.0 (Windows NT 10.0; Win64; x64) AppleWebKit/537.36 (KHTML, like Gecko) Chrome/101.0.4951.64 Safari/537.36 Edg/101.0.1210.53"
::1 - - [01/Jun/2022:18:00:39 +0200] "GET /index.html HTTP/1.1" 200 394 "-" "Mozilla/5.0 (Windows NT 10.0; Win64; x64) AppleWebKit/537.36 (KHTML, like Gecko) Chrome/101.0.4951.64 Safari/537.36 Edg/101.0.1210.53"
::1 - - [01/Jun/2022:18:00:39 +0200] "GET /js/tombola_menu.js HTTP/1.1" 200 87 "http://localhost/index.html" "Mozilla/5.0 (Windows NT 10.0; Win64; x64) AppleWebKit/537.36 (KHTML, like Gecko) Chrome/101.0.4951.64 Safari/537.36 Edg/101.0.1210.53"
::1 - - [01/Jun/2022:18:00:39 +0200] "GET /index.html HTTP/1.1" 200 394 "-" "Mozilla/5.0 (Windows NT 10.0; Win64; x64) AppleWebKit/537.36 (KHTML, like Gecko) Chrome/101.0.4951.64 Safari/537.36 Edg/101.0.1210.53"
::1 - - [01/Jun/2022:18:00:40 +0200] "GET /index.html HTTP/1.1" 200 394 "-" "Mozilla/5.0 (Windows NT 10.0; Win64; x64) AppleWebKit/537.36 (KHTML, like Gecko) Chrome/101.0.4951.64 Safari/537.36 Edg/101.0.1210.53"
::1 - - [01/Jun/2022:18:00:40 +0200] "GET /index.html HTTP/1.1" 200 394 "-" "Mozilla/5.0 (Windows NT 10.0; Win64; x64) AppleWebKit/537.36 (KHTML, like Gecko) Chrome/101.0.4951.64 Safari/537.36 Edg/101.0.1210.53"
::1 - - [01/Jun/2022:18:00:40 +0200] "GET /index.html HTTP/1.1" 200 394 "-" "Mozilla/5.0 (Windows NT 10.0; Win64; x64) AppleWebKit/537.36 (KHTML, like Gecko) Chrome/101.0.4951.64 Safari/537.36 Edg/101.0.1210.53"
::1 - - [01/Jun/2022:18:00:41 +0200] "GET /index.html HTTP/1.1" 200 394 "-" "Mozilla/5.0 (Windows NT 10.0; Win64; x64) AppleWebKit/537.36 (KHTML, like Gecko) Chrome/101.0.4951.64 Safari/537.36 Edg/101.0.1210.53"
::1 - - [01/Jun/2022:18:00:45 +0200] "GET /index.html HTTP/1.1" 200 394 "-" "Mozilla/5.0 (Windows NT 10.0; Win64; x64) AppleWebKit/537.36 (KHTML, like Gecko) Chrome/101.0.4951.64 Safari/537.36 Edg/101.0.1210.53"
::1 - - [01/Jun/2022:18:00:48 +0200] "GET /index.html HTTP/1.1" 200 394 "-" "Mozilla/5.0 (Windows NT 10.0; Win64; x64) AppleWebKit/537.36 (KHTML, like Gecko) Chrome/101.0.4951.64 Safari/537.36 Edg/101.0.1210.53"
::1 - - [01/Jun/2022:18:00:55 +0200] "GET /index.html HTTP/1.1" 200 394 "-" "Mozilla/5.0 (Windows NT 10.0; Win64; x64) AppleWebKit/537.36 (KHTML, like Gecko) Chrome/101.0.4951.64 Safari/537.36 Edg/101.0.1210.53"
::1 - - [01/Jun/2022:18:01:18 +0200] "GET /css/bootstrap.min.css.map HTTP/1.1" 200 71710 "-" "Mozilla/5.0 (Windows NT 10.0; Win64; x64) AppleWebKit/537.36 (KHTML, like Gecko) Chrome/101.0.4951.64 Safari/537.36 Edg/101.0.1210.53"
::1 - - [01/Jun/2022:18:01:34 +0200] "GET /index.html HTTP/1.1" 200 394 "-" "Mozilla/5.0 (Windows NT 10.0; Win64; x64) AppleWebKit/537.36 (KHTML, like Gecko) Chrome/101.0.4951.64 Safari/537.36 Edg/101.0.1210.53"
::1 - - [01/Jun/2022:18:01:34 +0200] "GET /js/tombola_menu.js HTTP/1.1" 200 87 "http://localhost/index.html" "Mozilla/5.0 (Windows NT 10.0; Win64; x64) AppleWebKit/537.36 (KHTML, like Gecko) Chrome/101.0.4951.64 Safari/537.36 Edg/101.0.1210.53"
::1 - - [01/Jun/2022:18:01:34 +0200] "GET /css/bootstrap.min.css.map HTTP/1.1" 200 71710 "-" "Mozilla/5.0 (Windows NT 10.0; Win64; x64) AppleWebKit/537.36 (KHTML, like Gecko) Chrome/101.0.4951.64 Safari/537.36 Edg/101.0.1210.53"
::1 - - [01/Jun/2022:18:02:09 +0200] "GET /TopMenu.html HTTP/1.1" 200 343 "-" "Mozilla/5.0 (Windows NT 10.0; Win64; x64) AppleWebKit/537.36 (KHTML, like Gecko) Chrome/101.0.4951.64 Safari/537.36 Edg/101.0.1210.53"
::1 - - [01/Jun/2022:18:02:13 +0200] "GET /index.html HTTP/1.1" 200 394 "-" "Mozilla/5.0 (Windows NT 10.0; Win64; x64) AppleWebKit/537.36 (KHTML, like Gecko) Chrome/101.0.4951.64 Safari/537.36 Edg/101.0.1210.53"
::1 - - [01/Jun/2022:18:02:13 +0200] "GET /js/tombola_menu.js HTTP/1.1" 200 87 "http://localhost/index.html" "Mozilla/5.0 (Windows NT 10.0; Win64; x64) AppleWebKit/537.36 (KHTML, like Gecko) Chrome/101.0.4951.64 Safari/537.36 Edg/101.0.1210.53"
::1 - - [01/Jun/2022:18:02:13 +0200] "GET /css/bootstrap.min.css.map HTTP/1.1" 200 71710 "-" "Mozilla/5.0 (Windows NT 10.0; Win64; x64) AppleWebKit/537.36 (KHTML, like Gecko) Chrome/101.0.4951.64 Safari/537.36 Edg/101.0.1210.53"
::1 - - [01/Jun/2022:18:02:22 +0200] "GET /Patricipants.html HTTP/1.1" 200 895 "http://localhost/index.html" "Mozilla/5.0 (Windows NT 10.0; Win64; x64) AppleWebKit/537.36 (KHTML, like Gecko) Chrome/101.0.4951.64 Safari/537.36 Edg/101.0.1210.53"
::1 - - [01/Jun/2022:18:02:42 +0200] "GET /Patricipants.html HTTP/1.1" 200 910 "http://localhost/index.html" "Mozilla/5.0 (Windows NT 10.0; Win64; x64) AppleWebKit/537.36 (KHTML, like Gecko) Chrome/101.0.4951.64 Safari/537.36 Edg/101.0.1210.53"
::1 - - [01/Jun/2022:18:02:42 +0200] "GET /Patricipants.html HTTP/1.1" 200 910 "http://localhost/index.html" "Mozilla/5.0 (Windows NT 10.0; Win64; x64) AppleWebKit/537.36 (KHTML, like Gecko) Chrome/101.0.4951.64 Safari/537.36 Edg/101.0.1210.53"
::1 - - [01/Jun/2022:18:02:42 +0200] "GET /Patricipants.html HTTP/1.1" 200 910 "http://localhost/index.html" "Mozilla/5.0 (Windows NT 10.0; Win64; x64) AppleWebKit/537.36 (KHTML, like Gecko) Chrome/101.0.4951.64 Safari/537.36 Edg/101.0.1210.53"
::1 - - [01/Jun/2022:18:02:43 +0200] "GET /Patricipants.html HTTP/1.1" 200 910 "-" "Mozilla/5.0 (Windows NT 10.0; Win64; x64) AppleWebKit/537.36 (KHTML, like Gecko) Chrome/101.0.4951.64 Safari/537.36 Edg/101.0.1210.53"
::1 - - [01/Jun/2022:18:02:46 +0200] "GET /Patricipants.html HTTP/1.1" 200 910 "-" "Mozilla/5.0 (Windows NT 10.0; Win64; x64) AppleWebKit/537.36 (KHTML, like Gecko) Chrome/101.0.4951.64 Safari/537.36 Edg/101.0.1210.53"
::1 - - [01/Jun/2022:18:03:10 +0200] "GET /Patricipants.html HTTP/1.1" 200 917 "-" "Mozilla/5.0 (Windows NT 10.0; Win64; x64) AppleWebKit/537.36 (KHTML, like Gecko) Chrome/101.0.4951.64 Safari/537.36 Edg/101.0.1210.53"
::1 - - [01/Jun/2022:18:03:10 +0200] "GET /js/tombola_menu.js HTTP/1.1" 200 87 "http://localhost/Patricipants.html" "Mozilla/5.0 (Windows NT 10.0; Win64; x64) AppleWebKit/537.36 (KHTML, like Gecko) Chrome/101.0.4951.64 Safari/537.36 Edg/101.0.1210.53"
::1 - - [01/Jun/2022:18:03:10 +0200] "GET /TopMenu.html HTTP/1.1" 200 343 "http://localhost/Patricipants.html" "Mozilla/5.0 (Windows NT 10.0; Win64; x64) AppleWebKit/537.36 (KHTML, like Gecko) Chrome/101.0.4951.64 Safari/537.36 Edg/101.0.1210.53"
::1 - - [01/Jun/2022:18:04:10 +0200] "-" 408 - "-" "-"
::1 - - [01/Jun/2022:18:04:20 +0200] "GET /Patricipants.html HTTP/1.1" 200 880 "-" "Mozilla/5.0 (Windows NT 10.0; Win64; x64) AppleWebKit/537.36 (KHTML, like Gecko) Chrome/101.0.4951.64 Safari/537.36 Edg/101.0.1210.53"
::1 - - [01/Jun/2022:18:04:20 +0200] "GET /js/tombola_menu.js HTTP/1.1" 200 87 "http://localhost/Patricipants.html" "Mozilla/5.0 (Windows NT 10.0; Win64; x64) AppleWebKit/537.36 (KHTML, like Gecko) Chrome/101.0.4951.64 Safari/537.36 Edg/101.0.1210.53"
::1 - - [01/Jun/2022:18:04:20 +0200] "GET /TopMenu.html HTTP/1.1" 200 343 "http://localhost/Patricipants.html" "Mozilla/5.0 (Windows NT 10.0; Win64; x64) AppleWebKit/537.36 (KHTML, like Gecko) Chrome/101.0.4951.64 Safari/537.36 Edg/101.0.1210.53"
::1 - - [01/Jun/2022:18:04:38 +0200] "GET /Patricipants.html HTTP/1.1" 200 814 "-" "Mozilla/5.0 (Windows NT 10.0; Win64; x64) AppleWebKit/537.36 (KHTML, like Gecko) Chrome/101.0.4951.64 Safari/537.36 Edg/101.0.1210.53"
::1 - - [01/Jun/2022:18:05:13 +0200] "GET /css/bootstrap.min.css.map HTTP/1.1" 200 71710 "-" "Mozilla/5.0 (Windows NT 10.0; Win64; x64) AppleWebKit/537.36 (KHTML, like Gecko) Chrome/101.0.4951.64 Safari/537.36 Edg/101.0.1210.53"
::1 - - [01/Jun/2022:18:05:14 +0200] "GET /Patricipants.html HTTP/1.1" 200 817 "-" "Mozilla/5.0 (Windows NT 10.0; Win64; x64) AppleWebKit/537.36 (KHTML, like Gecko) Chrome/101.0.4951.64 Safari/537.36 Edg/101.0.1210.53"
::1 - - [01/Jun/2022:18:05:14 +0200] "GET /js/tombola_participants.js HTTP/1.1" 404 196 "http://localhost/Patricipants.html" "Mozilla/5.0 (Windows NT 10.0; Win64; x64) AppleWebKit/537.36 (KHTML, like Gecko) Chrome/101.0.4951.64 Safari/537.36 Edg/101.0.1210.53"
::1 - - [01/Jun/2022:18:05:14 +0200] "GET /js/tombola_menu.js HTTP/1.1" 200 87 "http://localhost/Patricipants.html" "Mozilla/5.0 (Windows NT 10.0; Win64; x64) AppleWebKit/537.36 (KHTML, like Gecko) Chrome/101.0.4951.64 Safari/537.36 Edg/101.0.1210.53"
::1 - - [01/Jun/2022:18:05:14 +0200] "GET /TopMenu.html HTTP/1.1" 200 343 "http://localhost/Patricipants.html" "Mozilla/5.0 (Windows NT 10.0; Win64; x64) AppleWebKit/537.36 (KHTML, like Gecko) Chrome/101.0.4951.64 Safari/537.36 Edg/101.0.1210.53"
::1 - - [01/Jun/2022:18:05:14 +0200] "GET /css/bootstrap.min.css.map HTTP/1.1" 200 71710 "-" "Mozilla/5.0 (Windows NT 10.0; Win64; x64) AppleWebKit/537.36 (KHTML, like Gecko) Chrome/101.0.4951.64 Safari/537.36 Edg/101.0.1210.53"
::1 - - [01/Jun/2022:18:05:29 +0200] "GET /Patricipants.html HTTP/1.1" 200 817 "-" "Mozilla/5.0 (Windows NT 10.0; Win64; x64) AppleWebKit/537.36 (KHTML, like Gecko) Chrome/101.0.4951.64 Safari/537.36 Edg/101.0.1210.53"
::1 - - [01/Jun/2022:18:05:29 +0200] "GET /js/tombola_participants.js HTTP/1.1" 200 1716 "http://localhost/Patricipants.html" "Mozilla/5.0 (Windows NT 10.0; Win64; x64) AppleWebKit/537.36 (KHTML, like Gecko) Chrome/101.0.4951.64 Safari/537.36 Edg/101.0.1210.53"
::1 - - [01/Jun/2022:18:05:29 +0200] "GET /css/bootstrap.min.css.map HTTP/1.1" 200 71710 "-" "Mozilla/5.0 (Windows NT 10.0; Win64; x64) AppleWebKit/537.36 (KHTML, like Gecko) Chrome/101.0.4951.64 Safari/537.36 Edg/101.0.1210.53"
::1 - - [01/Jun/2022:18:05:43 +0200] "GET /Patricipants.html HTTP/1.1" 200 817 "-" "Mozilla/5.0 (Windows NT 10.0; Win64; x64) AppleWebKit/537.36 (KHTML, like Gecko) Chrome/101.0.4951.64 Safari/537.36 Edg/101.0.1210.53"
::1 - - [01/Jun/2022:18:05:43 +0200] "GET /css/bootstrap.min.css.map HTTP/1.1" 200 71710 "-" "Mozilla/5.0 (Windows NT 10.0; Win64; x64) AppleWebKit/537.36 (KHTML, like Gecko) Chrome/101.0.4951.64 Safari/537.36 Edg/101.0.1210.53"
::1 - - [01/Jun/2022:18:06:43 +0200] "-" 408 - "-" "-"
::1 - - [01/Jun/2022:18:20:39 +0200] "GET /index.html HTTP/1.1" 200 394 "-" "Mozilla/5.0 (Windows NT 10.0; Win64; x64) AppleWebKit/537.36 (KHTML, like Gecko) Chrome/101.0.4951.64 Safari/537.36 Edg/101.0.1210.53"
::1 - - [01/Jun/2022:18:20:39 +0200] "GET /js/tombola_menu.js HTTP/1.1" 200 87 "http://localhost/index.html" "Mozilla/5.0 (Windows NT 10.0; Win64; x64) AppleWebKit/537.36 (KHTML, like Gecko) Chrome/101.0.4951.64 Safari/537.36 Edg/101.0.1210.53"
::1 - - [01/Jun/2022:18:20:39 +0200] "GET /TopMenu.html HTTP/1.1" 200 343 "http://localhost/index.html" "Mozilla/5.0 (Windows NT 10.0; Win64; x64) AppleWebKit/537.36 (KHTML, like Gecko) Chrome/101.0.4951.64 Safari/537.36 Edg/101.0.1210.53"
::1 - - [01/Jun/2022:18:20:49 +0200] "GET /api HTTP/1.1" 301 229 "-" "Mozilla/5.0 (Windows NT 10.0; Win64; x64) AppleWebKit/537.36 (KHTML, like Gecko) Chrome/101.0.4951.64 Safari/537.36 Edg/101.0.1210.53"
::1 - - [01/Jun/2022:18:20:49 +0200] "GET /api/ HTTP/1.1" 200 347 "-" "Mozilla/5.0 (Windows NT 10.0; Win64; x64) AppleWebKit/537.36 (KHTML, like Gecko) Chrome/101.0.4951.64 Safari/537.36 Edg/101.0.1210.53"
::1 - - [01/Jun/2022:18:21:49 +0200] "-" 408 - "-" "-"
::1 - - [01/Jun/2022:18:24:43 +0200] "GET /api/ HTTP/1.1" 200 405 "-" "Mozilla/5.0 (Windows NT 10.0; Win64; x64) AppleWebKit/537.36 (KHTML, like Gecko) Chrome/101.0.4951.64 Safari/537.36 Edg/101.0.1210.53"
::1 - - [01/Jun/2022:18:24:43 +0200] "GET /icons/unknown.gif HTTP/1.1" 200 245 "http://localhost/api/" "Mozilla/5.0 (Windows NT 10.0; Win64; x64) AppleWebKit/537.36 (KHTML, like Gecko) Chrome/101.0.4951.64 Safari/537.36 Edg/101.0.1210.53"
::1 - - [01/Jun/2022:18:24:45 +0200] "GET /api/participants.php HTTP/1.1" 200 116 "http://localhost/api/" "Mozilla/5.0 (Windows NT 10.0; Win64; x64) AppleWebKit/537.36 (KHTML, like Gecko) Chrome/101.0.4951.64 Safari/537.36 Edg/101.0.1210.53"
::1 - - [01/Jun/2022:18:25:43 +0200] "-" 408 - "-" "-"
::1 - - [01/Jun/2022:18:26:31 +0200] "GET /api/participants.php HTTP/1.1" 200 1014 "http://localhost/api/" "Mozilla/5.0 (Windows NT 10.0; Win64; x64) AppleWebKit/537.36 (KHTML, like Gecko) Chrome/101.0.4951.64 Safari/537.36 Edg/101.0.1210.53"
::1 - - [01/Jun/2022:18:27:31 +0200] "-" 408 - "-" "-"
::1 - - [01/Jun/2022:18:28:38 +0200] "GET /index.html HTTP/1.1" 200 394 "-" "Mozilla/5.0 (Windows NT 10.0; Win64; x64) AppleWebKit/537.36 (KHTML, like Gecko) Chrome/101.0.4951.64 Safari/537.36 Edg/101.0.1210.53"
::1 - - [01/Jun/2022:18:28:38 +0200] "GET /js/tombola_menu.js HTTP/1.1" 200 87 "http://localhost/index.html" "Mozilla/5.0 (Windows NT 10.0; Win64; x64) AppleWebKit/537.36 (KHTML, like Gecko) Chrome/101.0.4951.64 Safari/537.36 Edg/101.0.1210.53"
::1 - - [01/Jun/2022:18:28:38 +0200] "GET /TopMenu.html HTTP/1.1" 200 343 "http://localhost/index.html" "Mozilla/5.0 (Windows NT 10.0; Win64; x64) AppleWebKit/537.36 (KHTML, like Gecko) Chrome/101.0.4951.64 Safari/537.36 Edg/101.0.1210.53"
::1 - - [01/Jun/2022:18:28:42 +0200] "GET /api/ HTTP/1.1" 200 405 "-" "Mozilla/5.0 (Windows NT 10.0; Win64; x64) AppleWebKit/537.36 (KHTML, like Gecko) Chrome/101.0.4951.64 Safari/537.36 Edg/101.0.1210.53"
::1 - - [01/Jun/2022:18:28:44 +0200] "GET /api/participants.php HTTP/1.1" 200 105 "http://localhost/api/" "Mozilla/5.0 (Windows NT 10.0; Win64; x64) AppleWebKit/537.36 (KHTML, like Gecko) Chrome/101.0.4951.64 Safari/537.36 Edg/101.0.1210.53"
::1 - - [01/Jun/2022:18:29:25 +0200] "GET /api/participants.php HTTP/1.1" 200 106 "http://localhost/api/" "Mozilla/5.0 (Windows NT 10.0; Win64; x64) AppleWebKit/537.36 (KHTML, like Gecko) Chrome/101.0.4951.64 Safari/537.36 Edg/101.0.1210.53"
::1 - - [01/Jun/2022:18:29:35 +0200] "GET /api/participants.php HTTP/1.1" 200 46 "http://localhost/api/" "Mozilla/5.0 (Windows NT 10.0; Win64; x64) AppleWebKit/537.36 (KHTML, like Gecko) Chrome/101.0.4951.64 Safari/537.36 Edg/101.0.1210.53"
::1 - - [01/Jun/2022:18:29:46 +0200] "GET /api/participants.php HTTP/1.1" 200 - "http://localhost/api/" "Mozilla/5.0 (Windows NT 10.0; Win64; x64) AppleWebKit/537.36 (KHTML, like Gecko) Chrome/101.0.4951.64 Safari/537.36 Edg/101.0.1210.53"
::1 - - [01/Jun/2022:18:30:46 +0200] "-" 408 - "-" "-"
::1 - - [01/Jun/2022:18:38:24 +0200] "-" 408 - "-" "-"
::1 - - [01/Jun/2022:18:38:24 +0200] "-" 408 - "-" "-"
::1 - - [01/Jun/2022:18:40:54 +0200] "GET / HTTP/1.1" 200 394 "-" "Mozilla/5.0 (Windows NT 10.0; Win64; x64) AppleWebKit/537.36 (KHTML, like Gecko) Chrome/101.0.4951.64 Safari/537.36 Edg/101.0.1210.53"
::1 - - [01/Jun/2022:18:40:54 +0200] "GET /js/tombola_menu.js HTTP/1.1" 200 87 "http://localhost/" "Mozilla/5.0 (Windows NT 10.0; Win64; x64) AppleWebKit/537.36 (KHTML, like Gecko) Chrome/101.0.4951.64 Safari/537.36 Edg/101.0.1210.53"
::1 - - [01/Jun/2022:18:40:54 +0200] "GET /TopMenu.html HTTP/1.1" 200 343 "http://localhost/" "Mozilla/5.0 (Windows NT 10.0; Win64; x64) AppleWebKit/537.36 (KHTML, like Gecko) Chrome/101.0.4951.64 Safari/537.36 Edg/101.0.1210.53"
::1 - - [01/Jun/2022:18:40:56 +0200] "GET /api/ HTTP/1.1" 200 405 "-" "Mozilla/5.0 (Windows NT 10.0; Win64; x64) AppleWebKit/537.36 (KHTML, like Gecko) Chrome/101.0.4951.64 Safari/537.36 Edg/101.0.1210.53"
::1 - - [01/Jun/2022:18:40:58 +0200] "GET /api/participants.php HTTP/1.1" 200 - "http://localhost/api/" "Mozilla/5.0 (Windows NT 10.0; Win64; x64) AppleWebKit/537.36 (KHTML, like Gecko) Chrome/101.0.4951.64 Safari/537.36 Edg/101.0.1210.53"
::1 - - [01/Jun/2022:18:41:54 +0200] "-" 408 - "-" "-"
